;  LST file generated by mikroListExporter - v.2.0 
; Date/Time: 9/30/2011 8:56:35 PM
;----------------------------------------------

;Address Opcode 	ASM
0x0000	0xF03EEFB8  	GOTO        32112
0x0004	0x0000      	NOP
0x0006	0x0000      	NOP
0x0008	0xF000EF00  	GOTO        0
0x000C	0x0000      	NOP
0x000E	0x0000      	NOP
0x0010	0x0000      	NOP
0x0012	0x0000      	NOP
0x0014	0x0000      	NOP
0x0016	0x0000      	NOP
0x0018	0xD7F3      	BRA         0
___CC2DW:
;__Lib_System.c,21 :: 		
;__Lib_System.c,23 :: 		
_CC2DL_Loop1:
;__Lib_System.c,24 :: 		
0x001C	0x0009      	TBLRD*+
;__Lib_System.c,25 :: 		
0x001E	0xFFE6CFF5  	MOVFF       TABLAT, POSTINC1
;__Lib_System.c,26 :: 		
0x0022	0x0600      	DECF        R0, 1, 0
;__Lib_System.c,27 :: 		
0x0024	0xE1FB      	BNZ         _CC2DL_Loop1
;__Lib_System.c,28 :: 		
0x0026	0x0601      	DECF        R1, 1, 0
;__Lib_System.c,29 :: 		
0x0028	0xE1F9      	BNZ         _CC2DL_Loop1
;__Lib_System.c,31 :: 		
0x002A	0x0012      	RETURN      0
; end of ___CC2DW
____Boot_Delay32k:
;__Lib_Delays.c,85 :: 		void ___Boot_Delay32k()  org 32072{
;__Lib_Delays.c,87 :: 		Delay_ms(5);
0x7D48	0x0E11      	MOVLW       17
0x7D4A	0x6E0C      	MOVWF       R12, 0
0x7D4C	0x0E3A      	MOVLW       58
0x7D4E	0x6E0D      	MOVWF       R13, 0
L____Boot_Delay32k17:
0x7D50	0x2E0D      	DECFSZ      R13, 1, 0
0x7D52	0xD7FE      	BRA         L____Boot_Delay32k17
0x7D54	0x2E0C      	DECFSZ      R12, 1, 0
0x7D56	0xD7FC      	BRA         L____Boot_Delay32k17
0x7D58	0x0000      	NOP
;__Lib_Delays.c,88 :: 		}
0x7D5A	0x0012      	RETURN      0
; end of ____Boot_Delay32k
_main:
;Boot_Loader.c,47 :: 		void main() org 32112 {
;Boot_Loader.c,61 :: 		Susart_Init(64);                    // Init USART at 9600
0x7D70	0x0E40      	MOVLW       64
0x7D72	0x6E55      	MOVWF       FARG_Susart_Init_brg_reg 
0x7D74	0xD8AF      	RCALL       _Susart_Init
;Boot_Loader.c,62 :: 		if (Susart_Write_Loop('g','r')) {   // Send 'g' for ~5 sec, if 'r'
0x7D76	0x0E67      	MOVLW       103
0x7D78	0x6E55      	MOVWF       FARG_Susart_Write_Loop_send 
0x7D7A	0x0E72      	MOVLW       114
0x7D7C	0x6E56      	MOVWF       FARG_Susart_Write_Loop_receive 
0x7D7E	0xD80E      	RCALL       _Susart_Write_Loop
0x7D80	0x5200      	MOVF        R0, 1 
0x7D82	0xE002      	BZ          L_main0
;Boot_Loader.c,63 :: 		Start_Bootload();                 //   received start bootload
0x7D84	0xD8B9      	RCALL       _Start_Bootload
;Boot_Loader.c,64 :: 		}
0x7D86	0xD001      	BRA         L_main1
L_main0:
;Boot_Loader.c,66 :: 		Start_Program();                  //   else start program
0x7D88	0xD91B      	RCALL       _Start_Program
;Boot_Loader.c,67 :: 		}
L_main1:
;Boot_Loader.c,69 :: 		}
0x7D8A	0xD7FF      	BRA         $+0
; end of _main
_Susart_Write_Loop:
;boot18_32K.c,109 :: 		unsigned short Susart_Write_Loop(char send, char receive) org 32156 {
;boot18_32K.c,110 :: 		unsigned short rslt = 0;
0x7D9C	0x6A57      	CLRF        Susart_Write_Loop_rslt_L0 
;boot18_32K.c,112 :: 		LBL_BOOT18_32_01:
___Susart_Write_Loop_LBL_BOOT18_32_01:
;boot18_32K.c,113 :: 		___Boot_Delay32k();
0x7D9E	0xDFD4      	RCALL       32072
;boot18_32K.c,114 :: 		Susart_Write(send);
0x7DA0	0xF05CC055  	MOVFF       FARG_Susart_Write_Loop_send, FARG_Susart_Write_data_
0x7DA4	0xD87F      	RCALL       32420
;boot18_32K.c,115 :: 		___Boot_Delay32k();
0x7DA6	0xDFD0      	RCALL       32072
;boot18_32K.c,117 :: 		rslt++;
0x7DA8	0x2A57      	INCF        Susart_Write_Loop_rslt_L0, 1 
;boot18_32K.c,118 :: 		if (rslt == 255u)
0x7DAA	0x5057      	MOVF        Susart_Write_Loop_rslt_L0, 0 
0x7DAC	0x0AFF      	XORLW       255
0x7DAE	0xE102      	BNZ         L_Susart_Write_Loop9
;boot18_32K.c,119 :: 		return 0;
0x7DB0	0x6A00      	CLRF        R0 
0x7DB2	0x0012      	RETURN      0
L_Susart_Write_Loop9:
;boot18_32K.c,120 :: 		if (Susart_Read() == receive)
0x7DB4	0xD869      	RCALL       32392
0x7DB6	0x5000      	MOVF        R0, 0 
0x7DB8	0x1856      	XORWF       FARG_Susart_Write_Loop_receive, 0 
0x7DBA	0xE103      	BNZ         L_Susart_Write_Loop10
;boot18_32K.c,121 :: 		return 1;
0x7DBC	0x0E01      	MOVLW       1
0x7DBE	0x6E00      	MOVWF       R0 
0x7DC0	0x0012      	RETURN      0
L_Susart_Write_Loop10:
;boot18_32K.c,122 :: 		goto LBL_BOOT18_32_01;
0x7DC2	0xD7ED      	BRA         ___Susart_Write_Loop_LBL_BOOT18_32_01
;boot18_32K.c,123 :: 		}
0x7DC4	0x0012      	RETURN      0
; end of _Susart_Write_Loop
_Flash_Write_Sector:
;boot18_32K.c,61 :: 		void Flash_Write_Sector(long address, char *sdata) org 32212 {
;boot18_32K.c,64 :: 		saveintcon = INTCON;
0x7DD4	0xF001CFF2  	MOVFF       INTCON, R1
;boot18_32K.c,67 :: 		TBLPTRL = Lo(address);
0x7DD8	0xFFF6C05D  	MOVFF       FARG_Flash_Write_Sector_address, 4086
;boot18_32K.c,68 :: 		TBLPTRH = Hi(address);
0x7DDC	0xFFF7C05E  	MOVFF       FARG_Flash_Write_Sector_address+1, TBLPTRH
;boot18_32K.c,69 :: 		TBLPTRU = Higher(address);
0x7DE0	0xFFF8C05F  	MOVFF       FARG_Flash_Write_Sector_address+2, TBLPTRU
;boot18_32K.c,71 :: 		EECON1.EEPGD = 1;
0x7DE4	0x8EA6      	BSF         EECON1, 7 
;boot18_32K.c,72 :: 		EECON1.CFGS = 0;
0x7DE6	0x9CA6      	BCF         EECON1, 6 
;boot18_32K.c,73 :: 		EECON1.WREN = 1;
0x7DE8	0x84A6      	BSF         EECON1, 2 
;boot18_32K.c,74 :: 		EECON1.FREE = 1;
0x7DEA	0x88A6      	BSF         EECON1, 4 
;boot18_32K.c,75 :: 		INTCON.GIE = 0;
0x7DEC	0x9EF2      	BCF         INTCON, 7 
;boot18_32K.c,76 :: 		EECON2 = 0x55;
0x7DEE	0x0E55      	MOVLW       85
0x7DF0	0x6EA7      	MOVWF       EECON2 
;boot18_32K.c,77 :: 		EECON2 = 0xAA;
0x7DF2	0x0EAA      	MOVLW       170
0x7DF4	0x6EA7      	MOVWF       EECON2 
;boot18_32K.c,78 :: 		EECON1.WR = 1;
0x7DF6	0x82A6      	BSF         EECON1, 1 
;boot18_32K.c,79 :: 		INTCON.GIE = 1;
0x7DF8	0x8EF2      	BSF         INTCON, 7 
;boot18_32K.c,80 :: 		asm TBLRD*- ;
0x7DFA	0x000A      	TBLRD*-
;boot18_32K.c,82 :: 		FSR0L = Lo(sdata);
0x7DFC	0xFFE9C061  	MOVFF       FARG_Flash_Write_Sector_sdata, FSR0L
;boot18_32K.c,83 :: 		FSR0H = Hi(sdata);
0x7E00	0xFFEAC062  	MOVFF       FARG_Flash_Write_Sector_sdata+1, FSR0H
;boot18_32K.c,84 :: 		j = 0;
0x7E04	0x6A03      	CLRF        R3 
;boot18_32K.c,85 :: 		while (j < _FLASH_ERASE/_FLASH_WRITE_LATCH) {
L_Flash_Write_Sector5:
0x7E06	0x0E08      	MOVLW       8
0x7E08	0x5C03      	SUBWF       R3, 0 
0x7E0A	0xE214      	BC          L_Flash_Write_Sector6
;boot18_32K.c,86 :: 		i = 0;
0x7E0C	0x6A02      	CLRF        R2 
;boot18_32K.c,87 :: 		while (i < _FLASH_WRITE_LATCH) {
L_Flash_Write_Sector7:
0x7E0E	0x0E08      	MOVLW       8
0x7E10	0x5C02      	SUBWF       R2, 0 
0x7E12	0xE205      	BC          L_Flash_Write_Sector8
;boot18_32K.c,88 :: 		TABLAT  = POSTINC0;
0x7E14	0xFFF5CFEE  	MOVFF       POSTINC0, TABLAT
;boot18_32K.c,90 :: 		TBLWT+*
0x7E18	0x000F      	TBLWT+*
;boot18_32K.c,92 :: 		i++;
0x7E1A	0x2A02      	INCF        R2, 1 
;boot18_32K.c,93 :: 		}
0x7E1C	0xD7F8      	BRA         L_Flash_Write_Sector7
L_Flash_Write_Sector8:
;boot18_32K.c,94 :: 		EECON1.EEPGD = 1;
0x7E1E	0x8EA6      	BSF         EECON1, 7 
;boot18_32K.c,95 :: 		EECON1.CFGS = 0;
0x7E20	0x9CA6      	BCF         EECON1, 6 
;boot18_32K.c,96 :: 		EECON1.WREN = 1;
0x7E22	0x84A6      	BSF         EECON1, 2 
;boot18_32K.c,97 :: 		INTCON.GIE = 0;
0x7E24	0x9EF2      	BCF         INTCON, 7 
;boot18_32K.c,98 :: 		EECON2 = 0x55;
0x7E26	0x0E55      	MOVLW       85
0x7E28	0x6EA7      	MOVWF       EECON2 
;boot18_32K.c,99 :: 		EECON2 = 0xAA;
0x7E2A	0x0EAA      	MOVLW       170
0x7E2C	0x6EA7      	MOVWF       EECON2 
;boot18_32K.c,100 :: 		EECON1.WR = 1;
0x7E2E	0x82A6      	BSF         EECON1, 1 
;boot18_32K.c,101 :: 		j++;
0x7E30	0x2A03      	INCF        R3, 1 
;boot18_32K.c,102 :: 		}
0x7E32	0xD7E9      	BRA         L_Flash_Write_Sector5
L_Flash_Write_Sector6:
;boot18_32K.c,103 :: 		INTCON.GIE = 1;
0x7E34	0x8EF2      	BSF         INTCON, 7 
;boot18_32K.c,104 :: 		EECON1.WREN = 0;
0x7E36	0x94A6      	BCF         EECON1, 2 
;boot18_32K.c,106 :: 		INTCON = saveintcon;
0x7E38	0xFFF2C001  	MOVFF       R1, INTCON
;boot18_32K.c,107 :: 		}
0x7E3C	0x0012      	RETURN      0
; end of _Flash_Write_Sector
_Write_Begin:
;boot18_32K.c,129 :: 		void Write_Begin() org 32336 {
;boot18_32K.c,131 :: 		Flash_Write_Sector(0x7FC0, block);
0x7E50	0x0EC0      	MOVLW       192
0x7E52	0x6E5D      	MOVWF       FARG_Flash_Write_Sector_address 
0x7E54	0x0E7F      	MOVLW       127
0x7E56	0x6E5E      	MOVWF       FARG_Flash_Write_Sector_address+1 
0x7E58	0x0E00      	MOVLW       0
0x7E5A	0x6E5F      	MOVWF       FARG_Flash_Write_Sector_address+2 
0x7E5C	0x6E60      	MOVWF       FARG_Flash_Write_Sector_address+3 
0x7E5E	0x0E15      	MOVLW       boot18_32K_block
0x7E60	0x6E61      	MOVWF       FARG_Flash_Write_Sector_sdata 
0x7E62	0x0E00      	MOVLW       hi_addr(boot18_32K_block)
0x7E64	0x6E62      	MOVWF       FARG_Flash_Write_Sector_sdata+1 
0x7E66	0xDFB6      	RCALL       32212
;boot18_32K.c,133 :: 		block[0] = 0xB8;
0x7E68	0x0EB8      	MOVLW       184
0x7E6A	0x6E15      	MOVWF       boot18_32K_block 
;boot18_32K.c,134 :: 		block[1] = 0xEF;
0x7E6C	0x0EEF      	MOVLW       239
0x7E6E	0x6E16      	MOVWF       boot18_32K_block+1 
;boot18_32K.c,135 :: 		block[2] = 0x3E;
0x7E70	0x0E3E      	MOVLW       62
0x7E72	0x6E17      	MOVWF       boot18_32K_block+2 
;boot18_32K.c,136 :: 		block[3] = 0xF0;
0x7E74	0x0EF0      	MOVLW       240
0x7E76	0x6E18      	MOVWF       boot18_32K_block+3 
;boot18_32K.c,137 :: 		}
0x7E78	0x0012      	RETURN      0
; end of _Write_Begin
_Susart_Read:
;boot18_32K.c,43 :: 		unsigned short Susart_Read() org 32392 {
;boot18_32K.c,45 :: 		rslt = RCREG;
0x7E88	0xF001CFAE  	MOVFF       RCREG, R1
;boot18_32K.c,47 :: 		if (RCSTA.OERR) {
0x7E8C	0xA2AB      	BTFSS       RCSTA, 1 
0x7E8E	0xD002      	BRA         L_Susart_Read4
;boot18_32K.c,48 :: 		RCSTA.CREN = 0;
0x7E90	0x98AB      	BCF         RCSTA, 4 
;boot18_32K.c,49 :: 		RCSTA.CREN = 1;
0x7E92	0x88AB      	BSF         RCSTA, 4 
;boot18_32K.c,50 :: 		}
L_Susart_Read4:
;boot18_32K.c,51 :: 		return rslt;
0x7E94	0xF000C001  	MOVFF       R1, R0
;boot18_32K.c,52 :: 		}
0x7E98	0x0012      	RETURN      0
; end of _Susart_Read
_Susart_Write:
;boot18_32K.c,32 :: 		void Susart_Write(unsigned short data_) org 32420 {
;boot18_32K.c,34 :: 		while (!TXSTA.TRMT)
L_Susart_Write2:
0x7EA4	0xB2AC      	BTFSC       TXSTA, 1 
0x7EA6	0xD001      	BRA         L_Susart_Write3
;boot18_32K.c,35 :: 		;
0x7EA8	0xD7FD      	BRA         L_Susart_Write2
L_Susart_Write3:
;boot18_32K.c,36 :: 		TXREG = data_;
0x7EAA	0xFFADC05C  	MOVFF       FARG_Susart_Write_data_, TXREG
;boot18_32K.c,37 :: 		}
0x7EAE	0x0012      	RETURN      0
; end of _Susart_Write
_Susart_Data_Ready:
;boot18_32K.c,39 :: 		unsigned short Susart_Data_Ready() org 32452 {
;boot18_32K.c,40 :: 		return (PIR1.RCIF);
0x7EC4	0x0E00      	MOVLW       0
0x7EC6	0xBA9E      	BTFSC       PIR1, 5 
0x7EC8	0x0E01      	MOVLW       1
0x7ECA	0x6E00      	MOVWF       R0 
;boot18_32K.c,41 :: 		}
0x7ECC	0x0012      	RETURN      0
; end of _Susart_Data_Ready
_Susart_Init:
;boot18_32K.c,17 :: 		void Susart_Init(unsigned short brg_reg) org 32468 {
;boot18_32K.c,20 :: 		RCSTA = 0x90;
0x7ED4	0x0E90      	MOVLW       144
0x7ED6	0x6EAB      	MOVWF       RCSTA 
;boot18_32K.c,21 :: 		TXSTA = 0x26;
0x7ED8	0x0E26      	MOVLW       38
0x7EDA	0x6EAC      	MOVWF       TXSTA 
;boot18_32K.c,22 :: 		TRISC.B7 = 1;
0x7EDC	0x8E94      	BSF         TRISC, 7 
;boot18_32K.c,23 :: 		TRISC.B6 = 0;
0x7EDE	0x9C94      	BCF         TRISC, 6 
;boot18_32K.c,25 :: 		while (PIR1.RCIF)
L_Susart_Init0:
0x7EE0	0xAA9E      	BTFSS       PIR1, 5 
0x7EE2	0xD001      	BRA         L_Susart_Init1
;boot18_32K.c,26 :: 		i = RCREG;
0x7EE4	0xD7FD      	BRA         L_Susart_Init0
L_Susart_Init1:
;boot18_32K.c,28 :: 		SPBRG = brg_reg;
0x7EE6	0xFFAFC055  	MOVFF       FARG_Susart_Init_brg_reg, SPBRG
;boot18_32K.c,29 :: 		}
0x7EEA	0x0012      	RETURN      0
; end of _Susart_Init
_Start_Bootload:
;boot18_32K.c,140 :: 		void Start_Bootload() org 32504 {
;boot18_32K.c,141 :: 		unsigned short i = 0, xx, yy;
0x7EF8	0x6A57      	CLRF        Start_Bootload_i_L0 
;boot18_32K.c,142 :: 		long j = 0;
0x7EFA	0x6A58      	CLRF        Start_Bootload_j_L0 
0x7EFC	0x6A59      	CLRF        Start_Bootload_j_L0+1 
0x7EFE	0x6A5A      	CLRF        Start_Bootload_j_L0+2 
0x7F00	0x6A5B      	CLRF        Start_Bootload_j_L0+3 
;boot18_32K.c,144 :: 		while (1) {
L_Start_Bootload11:
;boot18_32K.c,145 :: 		if (i == 64u) {
0x7F02	0x5057      	MOVF        Start_Bootload_i_L0, 0 
0x7F04	0x0A40      	XORLW       64
0x7F06	0xE11A      	BNZ         L_Start_Bootload13
;boot18_32K.c,147 :: 		if (!j)
0x7F08	0x5058      	MOVF        Start_Bootload_j_L0, 0 
0x7F0A	0x1059      	IORWF       Start_Bootload_j_L0+1, 0 
0x7F0C	0x105A      	IORWF       Start_Bootload_j_L0+2, 0 
0x7F0E	0x105B      	IORWF       Start_Bootload_j_L0+3, 0 
0x7F10	0xE101      	BNZ         L_Start_Bootload14
;boot18_32K.c,148 :: 		Write_Begin();
0x7F12	0xDF9E      	RCALL       32336
L_Start_Bootload14:
;boot18_32K.c,149 :: 		Flash_Write_Sector(j, block);
0x7F14	0xF05DC058  	MOVFF       Start_Bootload_j_L0, FARG_Flash_Write_Sector_address
0x7F18	0xF05EC059  	MOVFF       Start_Bootload_j_L0+1, FARG_Flash_Write_Sector_address+1
0x7F1C	0xF05FC05A  	MOVFF       Start_Bootload_j_L0+2, FARG_Flash_Write_Sector_address+2
0x7F20	0xF060C05B  	MOVFF       Start_Bootload_j_L0+3, FARG_Flash_Write_Sector_address+3
0x7F24	0x0E15      	MOVLW       boot18_32K_block
0x7F26	0x6E61      	MOVWF       FARG_Flash_Write_Sector_sdata 
0x7F28	0x0E00      	MOVLW       hi_addr(boot18_32K_block)
0x7F2A	0x6E62      	MOVWF       FARG_Flash_Write_Sector_sdata+1 
0x7F2C	0xDF53      	RCALL       32212
;boot18_32K.c,151 :: 		i = 0;
0x7F2E	0x6A57      	CLRF        Start_Bootload_i_L0 
;boot18_32K.c,152 :: 		j += 0x40;
0x7F30	0x0E40      	MOVLW       64
0x7F32	0x2658      	ADDWF       Start_Bootload_j_L0, 1 
0x7F34	0x0E00      	MOVLW       0
0x7F36	0x2259      	ADDWFC      Start_Bootload_j_L0+1, 1 
0x7F38	0x225A      	ADDWFC      Start_Bootload_j_L0+2, 1 
0x7F3A	0x225B      	ADDWFC      Start_Bootload_j_L0+3, 1 
;boot18_32K.c,153 :: 		}
L_Start_Bootload13:
;boot18_32K.c,155 :: 		Susart_Write('y');
0x7F3C	0x0E79      	MOVLW       121
0x7F3E	0x6E5C      	MOVWF       FARG_Susart_Write_data_ 
0x7F40	0xDFB1      	RCALL       32420
;boot18_32K.c,156 :: 		while (!Susart_Data_Ready()) ;
L_Start_Bootload15:
0x7F42	0xDFC0      	RCALL       32452
0x7F44	0x5200      	MOVF        R0, 1 
0x7F46	0xE101      	BNZ         L_Start_Bootload16
0x7F48	0xD7FC      	BRA         L_Start_Bootload15
L_Start_Bootload16:
;boot18_32K.c,158 :: 		yy = Susart_Read();
0x7F4A	0xDF9E      	RCALL       32392
0x7F4C	0xF056C000  	MOVFF       R0, Start_Bootload_yy_L0
;boot18_32K.c,160 :: 		Susart_Write('x');
0x7F50	0x0E78      	MOVLW       120
0x7F52	0x6E5C      	MOVWF       FARG_Susart_Write_data_ 
0x7F54	0xDFA7      	RCALL       32420
;boot18_32K.c,161 :: 		while (!Susart_Data_Ready()) ;
L_Start_Bootload17:
0x7F56	0xDFB6      	RCALL       32452
0x7F58	0x5200      	MOVF        R0, 1 
0x7F5A	0xE101      	BNZ         L_Start_Bootload18
0x7F5C	0xD7FC      	BRA         L_Start_Bootload17
L_Start_Bootload18:
;boot18_32K.c,163 :: 		xx = Susart_Read();
0x7F5E	0xDF94      	RCALL       32392
0x7F60	0xF055C000  	MOVFF       R0, Start_Bootload_xx_L0
;boot18_32K.c,165 :: 		block[i++] = yy;
0x7F64	0x0E15      	MOVLW       boot18_32K_block
0x7F66	0x6EE1      	MOVWF       FSR1L 
0x7F68	0x0E00      	MOVLW       hi_addr(boot18_32K_block)
0x7F6A	0x6EE2      	MOVWF       FSR1H 
0x7F6C	0x5057      	MOVF        Start_Bootload_i_L0, 0 
0x7F6E	0x26E1      	ADDWF       FSR1L, 1 
0x7F70	0xB0D8      	BTFSC       STATUS, 0 
0x7F72	0x2AE2      	INCF        FSR1H, 1 
0x7F74	0xFFE6C056  	MOVFF       Start_Bootload_yy_L0, POSTINC1
0x7F78	0x2A57      	INCF        Start_Bootload_i_L0, 1 
;boot18_32K.c,166 :: 		block[i++] = xx;
0x7F7A	0x0E15      	MOVLW       boot18_32K_block
0x7F7C	0x6EE1      	MOVWF       FSR1L 
0x7F7E	0x0E00      	MOVLW       hi_addr(boot18_32K_block)
0x7F80	0x6EE2      	MOVWF       FSR1H 
0x7F82	0x5057      	MOVF        Start_Bootload_i_L0, 0 
0x7F84	0x26E1      	ADDWF       FSR1L, 1 
0x7F86	0xB0D8      	BTFSC       STATUS, 0 
0x7F88	0x2AE2      	INCF        FSR1H, 1 
0x7F8A	0xFFE6C055  	MOVFF       Start_Bootload_xx_L0, POSTINC1
0x7F8E	0x2A57      	INCF        Start_Bootload_i_L0, 1 
;boot18_32K.c,167 :: 		}
0x7F90	0xD7B8      	BRA         L_Start_Bootload11
;boot18_32K.c,168 :: 		}
0x7F92	0x0012      	RETURN      0
; end of _Start_Bootload
_Start_Program:
;boot18_32K.c,58 :: 		void Start_Program() org 0x7FC0 {
;boot18_32K.c,59 :: 		}
0x7FC0	0x0012      	RETURN      0
; end of _Start_Program
Symbol List:
//** Routines locations **
//ADDRESS    SIZE    PROCEDURE
//----------------------------------------------
0x001C      [16]    ___CC2DW
0x7D48      [20]    ____Boot_Delay32k
0x7D70      [28]    _main
0x7D9C      [42]    _Susart_Write_Loop
0x7DD4     [106]    _Flash_Write_Sector
0x7E50      [42]    _Write_Begin
0x7E88      [18]    _Susart_Read
0x7EA4      [12]    _Susart_Write
0x7EC4      [10]    _Susart_Data_Ready
0x7ED4      [24]    _Susart_Init
0x7EF8     [156]    _Start_Bootload
0x7FC0       [2]    _Start_Program
//** Variables locations ** 
//ADDRESS    SIZE    VARIABLE
//----------------------------------------------
0x0000       [1]    R0
0x0000       [1]    FLASH_Erase_64_SaveINTCON_L0
0x0001       [1]    R1
0x0001       [1]    FLASH_Erase_Write_64_i_L0
0x0001       [2]    FLASH_Read_N_Bytes_i_L0
0x0001       [1]    FLASH_Write_8_i_L0
0x0001       [1]    Flash_Write_Sector_saveintcon_L0
0x0001       [1]    Susart_Read_rslt_L0
0x0002       [1]    FLASH_Erase_Write_64_j_L0
0x0002       [1]    R2
0x0002       [1]    FLASH_Write_8_SaveINTCON_L0
0x0002       [1]    Flash_Write_Sector_i_L0
0x0003       [1]    Flash_Write_Sector_j_L0
0x0003       [1]    R3
0x0003       [1]    FLASH_Erase_Write_64_SaveINTCON_L0
0x0004       [1]    R4
0x0005       [1]    R5
0x0006       [1]    R6
0x0007       [1]    R7
0x0008       [1]    R8
0x0009       [1]    R9
0x000A       [1]    R10
0x000B       [1]    R11
0x000C       [1]    R12
0x000D       [1]    R13
0x000E       [1]    R14
0x000F       [1]    R15
0x0010       [1]    R16
0x0011       [1]    R17
0x0012       [1]    R18
0x0013       [1]    R19
0x0014       [1]    R20
0x0015      [64]    boot18_32K_block
0x0055       [1]    Start_Bootload_xx_L0
0x0055       [1]    FARG_Susart_Init_brg_reg
0x0055       [1]    FARG_Susart_Write_Loop_send
0x0056       [1]    Start_Bootload_yy_L0
0x0056       [1]    FARG_Susart_Write_Loop_receive
0x0057       [1]    Susart_Write_Loop_rslt_L0
0x0057       [1]    Start_Bootload_i_L0
0x0058       [4]    Start_Bootload_j_L0
0x005C       [1]    FARG_Susart_Write_data_
0x005D       [4]    FARG_Flash_Write_Sector_address
0x0061       [2]    FARG_Flash_Write_Sector_sdata
0x0F80       [0]    RA3_bit
0x0F80       [0]    RA0_bit
0x0F80       [0]    RA1_bit
0x0F80       [0]    RA2_bit
0x0F80       [0]    RA6_bit
0x0F80       [1]    PORTA
0x0F80       [0]    RA4_bit
0x0F80       [0]    RA5_bit
0x0F81       [0]    RB5_bit
0x0F81       [0]    RB6_bit
0x0F81       [0]    RB7_bit
0x0F81       [0]    RB2_bit
0x0F81       [0]    RB1_bit
0x0F81       [0]    RB0_bit
0x0F81       [0]    RB3_bit
0x0F81       [1]    PORTB
0x0F81       [0]    RB4_bit
0x0F82       [1]    PORTC
0x0F82       [0]    RC7_bit
0x0F82       [0]    RC6_bit
0x0F82       [0]    RC2_bit
0x0F82       [0]    RC0_bit
0x0F82       [0]    RC1_bit
0x0F82       [0]    RC4_bit
0x0F82       [0]    RC5_bit
0x0F82       [0]    RC3_bit
0x0F83       [0]    RD7_bit
0x0F83       [0]    RD6_bit
0x0F83       [0]    RD5_bit
0x0F83       [0]    RD4_bit
0x0F83       [0]    RD3_bit
0x0F83       [0]    RD0_bit
0x0F83       [1]    PORTD
0x0F83       [0]    RD1_bit
0x0F83       [0]    RD2_bit
0x0F84       [0]    RE0_bit
0x0F84       [0]    RE1_bit
0x0F84       [0]    RE2_bit
0x0F84       [1]    PORTE
0x0F89       [0]    LATA6_bit
0x0F89       [0]    LATA2_bit
0x0F89       [1]    LATA
0x0F89       [0]    LATA5_bit
0x0F89       [0]    LATA3_bit
0x0F89       [0]    LATA4_bit
0x0F89       [0]    LATA0_bit
0x0F89       [0]    LATA1_bit
0x0F8A       [0]    LATB0_bit
0x0F8A       [0]    LATB6_bit
0x0F8A       [0]    LATB7_bit
0x0F8A       [0]    LATB4_bit
0x0F8A       [0]    LATB5_bit
0x0F8A       [0]    LATB1_bit
0x0F8A       [1]    LATB
0x0F8A       [0]    LATB3_bit
0x0F8A       [0]    LATB2_bit
0x0F8B       [1]    LATC
0x0F8B       [0]    LATC7_bit
0x0F8B       [0]    LATC6_bit
0x0F8B       [0]    LATC1_bit
0x0F8B       [0]    LATC4_bit
0x0F8B       [0]    LATC3_bit
0x0F8B       [0]    LATC2_bit
0x0F8B       [0]    LATC0_bit
0x0F8B       [0]    LATC5_bit
0x0F8C       [0]    LATD3_bit
0x0F8C       [0]    LATD6_bit
0x0F8C       [1]    LATD
0x0F8C       [0]    LATD4_bit
0x0F8C       [0]    LATD0_bit
0x0F8C       [0]    LATD1_bit
0x0F8C       [0]    LATD5_bit
0x0F8C       [0]    LATD7_bit
0x0F8C       [0]    LATD2_bit
0x0F8D       [1]    LATE
0x0F8D       [0]    LATE2_bit
0x0F8D       [0]    LATE0_bit
0x0F8D       [0]    LATE1_bit
0x0F92       [0]    TRISA5_bit
0x0F92       [0]    TRISA2_bit
0x0F92       [0]    TRISA4_bit
0x0F92       [0]    TRISA1_bit
0x0F92       [0]    TRISA6_bit
0x0F92       [0]    TRISA3_bit
0x0F92       [0]    TRISA0_bit
0x0F92       [1]    TRISA
0x0F93       [0]    TRISB1_bit
0x0F93       [0]    TRISB6_bit
0x0F93       [0]    TRISB7_bit
0x0F93       [0]    TRISB0_bit
0x0F93       [1]    TRISB
0x0F93       [0]    TRISB5_bit
0x0F93       [0]    TRISB3_bit
0x0F93       [0]    TRISB4_bit
0x0F93       [0]    TRISB2_bit
0x0F94       [0]    TRISC0_bit
0x0F94       [0]    TRISC5_bit
0x0F94       [1]    TRISC
0x0F94       [0]    TRISC4_bit
0x0F94       [0]    TRISC7_bit
0x0F94       [0]    TRISC2_bit
0x0F94       [0]    TRISC6_bit
0x0F94       [0]    TRISC3_bit
0x0F94       [0]    TRISC1_bit
0x0F95       [0]    TRISD1_bit
0x0F95       [0]    TRISD3_bit
0x0F95       [0]    TRISD5_bit
0x0F95       [0]    TRISD4_bit
0x0F95       [0]    TRISD6_bit
0x0F95       [1]    TRISD
0x0F95       [0]    TRISD0_bit
0x0F95       [0]    TRISD2_bit
0x0F95       [0]    TRISD7_bit
0x0F96       [1]    TRISE
0x0F96       [0]    PSPMODE_TRISE_bit
0x0F96       [0]    IBOV_TRISE_bit
0x0F96       [0]    OBF_TRISE_bit
0x0F96       [0]    TRISE0_bit
0x0F96       [0]    TRISE1_bit
0x0F96       [0]    TRISE2_bit
0x0F96       [0]    IBF_TRISE_bit
0x0F96       [0]    OBF_bit
0x0F96       [0]    IBOV_bit
0x0F96       [0]    PSPMODE_bit
0x0F96       [0]    IBF_bit
0x0F9D       [0]    TMR2IE_bit
0x0F9D       [0]    PSPIE_bit
0x0F9D       [0]    TMR1IE_bit
0x0F9D       [1]    PIE1
0x0F9D       [0]    SSPIE_bit
0x0F9D       [0]    CCP1IE_bit
0x0F9D       [0]    ADIE_bit
0x0F9D       [0]    RCIE_bit
0x0F9D       [0]    TXIE_bit
0x0F9E       [0]    RCIF_bit
0x0F9E       [0]    PSPIF_bit
0x0F9E       [0]    ADIF_bit
0x0F9E       [0]    TMR2IF_bit
0x0F9E       [0]    TMR1IF_bit
0x0F9E       [1]    PIR1
0x0F9E       [0]    TXIF_bit
0x0F9E       [0]    SSPIF_bit
0x0F9E       [0]    CCP1IF_bit
0x0F9F       [0]    ADIP_bit
0x0F9F       [0]    RCIP_bit
0x0F9F       [1]    IPR1
0x0F9F       [0]    PSPIP_bit
0x0F9F       [0]    TXIP_bit
0x0F9F       [0]    TMR2IP_bit
0x0F9F       [0]    TMR1IP_bit
0x0F9F       [0]    SSPIP_bit
0x0F9F       [0]    CCP1IP_bit
0x0FA0       [0]    LVDIE_bit
0x0FA0       [0]    TMR3IE_bit
0x0FA0       [0]    CCP2IE_bit
0x0FA0       [1]    PIE2
0x0FA0       [0]    EEIE_bit
0x0FA0       [0]    BCLIE_bit
0x0FA1       [0]    CCP2IF_bit
0x0FA1       [0]    EEIF_bit
0x0FA1       [1]    PIR2
0x0FA1       [0]    BCLIF_bit
0x0FA1       [0]    TMR3IF_bit
0x0FA1       [0]    LVDIF_bit
0x0FA2       [0]    LVDIP_bit
0x0FA2       [0]    TMR3IP_bit
0x0FA2       [0]    BCLIP_bit
0x0FA2       [1]    IPR2
0x0FA2       [0]    EEIP_bit
0x0FA2       [0]    CCP2IP_bit
0x0FA6       [0]    WR_bit
0x0FA6       [0]    RD_bit
0x0FA6       [0]    EEPGD_bit
0x0FA6       [1]    EECON1
0x0FA6       [0]    WREN_bit
0x0FA6       [0]    WRERR_bit
0x0FA6       [0]    CFGS_bit
0x0FA6       [0]    FREE_bit
0x0FA7       [1]    EECON2
0x0FA8       [1]    EEDATA
0x0FA9       [1]    EEADR
0x0FAB       [0]    RC9_bit
0x0FAB       [0]    NOT_RC8_bit
0x0FAB       [0]    RC8_9_bit
0x0FAB       [1]    RCSTA
0x0FAB       [0]    SPEN_bit
0x0FAB       [0]    RX9_bit
0x0FAB       [0]    SREN_bit
0x0FAB       [0]    OERR_bit
0x0FAB       [0]    RX9D_bit
0x0FAB       [0]    RCD8_bit
0x0FAB       [0]    CREN_bit
0x0FAB       [0]    ADDEN_bit
0x0FAB       [0]    FERR_bit
0x0FAC       [0]    NOT_TX8_bit
0x0FAC       [0]    TX8_9_bit
0x0FAC       [0]    TX9_bit
0x0FAC       [1]    TXSTA
0x0FAC       [0]    CSRC_bit
0x0FAC       [0]    TRMT_bit
0x0FAC       [0]    TX9D_bit
0x0FAC       [0]    TXD8_bit
0x0FAC       [0]    TXEN_bit
0x0FAC       [0]    SYNC_bit
0x0FAC       [0]    BRGH_bit
0x0FAD       [1]    TXREG
0x0FAE       [1]    RCREG
0x0FAF       [1]    SPBRG
0x0FB1       [0]    T3CCP2_bit
0x0FB1       [0]    RD16_T3CON_bit
0x0FB1       [1]    T3CON
0x0FB1       [0]    T3INSYNC_bit
0x0FB1       [0]    T3SYNC_bit
0x0FB1       [0]    TMR3ON_bit
0x0FB1       [0]    TMR3CS_bit
0x0FB1       [0]    T3CKPS0_bit
0x0FB1       [0]    T3CKPS1_bit
0x0FB1       [0]    NOT_T3SYNC_bit
0x0FB1       [0]    T3CCP1_bit
0x0FB2       [1]    TMR3L
0x0FB3       [1]    TMR3H
0x0FBA       [1]    CCP2CON
0x0FBA       [0]    CCP2Y_bit
0x0FBA       [0]    CCP2M3_bit
0x0FBA       [0]    DC2B0_bit
0x0FBA       [0]    DC2B1_bit
0x0FBA       [0]    CCP2X_bit
0x0FBA       [0]    CCP2M2_bit
0x0FBA       [0]    CCP2M0_bit
0x0FBA       [0]    CCP2M1_bit
0x0FBB       [1]    CCPR2L
0x0FBB       [2]    CCPR2
0x0FBC       [1]    CCPR2H
0x0FBD       [0]    CCP1M0_bit
0x0FBD       [0]    CCP1Y_bit
0x0FBD       [0]    DC1B0_bit
0x0FBD       [0]    CCP1M3_bit
0x0FBD       [0]    CCP1M1_bit
0x0FBD       [0]    CCP1M2_bit
0x0FBD       [0]    CCP1X_bit
0x0FBD       [1]    CCP1CON
0x0FBD       [0]    DC1B1_bit
0x0FBE       [1]    CCPR1L
0x0FBE       [2]    CCPR1
0x0FBF       [1]    CCPR1H
0x0FC1       [1]    ADCON1
0x0FC1       [0]    PCFG3_bit
0x0FC1       [0]    ADCS2_bit
0x0FC1       [0]    ADFM_bit
0x0FC1       [0]    PCFG2_bit
0x0FC1       [0]    PCFG0_bit
0x0FC1       [0]    PCFG1_bit
0x0FC2       [0]    CHS1_bit
0x0FC2       [0]    CHS0_bit
0x0FC2       [0]    CHS2_bit
0x0FC2       [0]    ADCS1_bit
0x0FC2       [0]    ADCS0_bit
0x0FC2       [0]    GO_bit
0x0FC2       [0]    ADON_bit
0x0FC2       [1]    ADCON0
0x0FC2       [0]    GO_DONE_bit
0x0FC2       [0]    NOT_DONE_bit
0x0FC2       [0]    DONE_bit
0x0FC3       [2]    ADRES
0x0FC3       [1]    ADRESL
0x0FC4       [1]    ADRESH
0x0FC5       [0]    ACKEN_bit
0x0FC5       [0]    ACKDT_bit
0x0FC5       [0]    ACKSTAT_bit
0x0FC5       [0]    RCEN_bit
0x0FC5       [1]    SSPCON2
0x0FC5       [0]    RSEN_bit
0x0FC5       [0]    PEN_bit
0x0FC5       [0]    GCEN_bit
0x0FC5       [0]    SEN_bit
0x0FC6       [0]    SSPOV_bit
0x0FC6       [0]    SSPEN_bit
0x0FC6       [1]    SSPCON1
0x0FC6       [0]    WCOL_bit
0x0FC6       [0]    SSPM1_bit
0x0FC6       [0]    SSPM0_bit
0x0FC6       [0]    SSPM2_bit
0x0FC6       [0]    CKP_bit
0x0FC6       [0]    SSPM3_bit
0x0FC7       [1]    SSPSTAT
0x0FC7       [0]    I2C_READ_bit
0x0FC7       [0]    NOT_W_bit
0x0FC7       [0]    R_bit
0x0FC7       [0]    S_bit
0x0FC7       [0]    I2C_START__bit
0x0FC7       [0]    UA_bit
0x0FC7       [0]    BF_bit
0x0FC7       [0]    READ_WRITE_bit
0x0FC7       [0]    NOT_WRITE_bit
0x0FC7       [0]    R_W_bit
0x0FC7       [0]    D_A_bit
0x0FC7       [0]    NOT_ADDRESS_bit
0x0FC7       [0]    DATA_ADDRESS_bit
0x0FC7       [0]    I2C_STOP__bit
0x0FC7       [0]    P_bit
0x0FC7       [0]    CKE_bit
0x0FC7       [0]    SMP_bit
0x0FC7       [0]    D_bit
0x0FC7       [0]    NOT_A_bit
0x0FC7       [0]    I2C_DAT_bit
0x0FC8       [1]    SSPADD
0x0FC9       [1]    SSPBUF
0x0FCA       [0]    TOUTPS0_bit
0x0FCA       [0]    T2CKPS1_bit
0x0FCA       [0]    T2CKPS0_bit
0x0FCA       [0]    TMR2ON_bit
0x0FCA       [0]    TOUTPS3_bit
0x0FCA       [0]    TOUTPS2_bit
0x0FCA       [0]    TOUTPS1_bit
0x0FCA       [1]    T2CON
0x0FCB       [1]    PR2
0x0FCC       [1]    TMR2
0x0FCD       [0]    T1INSYNC_bit
0x0FCD       [0]    TMR1CS_bit
0x0FCD       [0]    TMR1ON_bit
0x0FCD       [0]    T1SYNC_bit
0x0FCD       [0]    T1CKPS0_bit
0x0FCD       [0]    T1OSCEN_bit
0x0FCD       [0]    NOT_T1SYNC_bit
0x0FCD       [1]    T1CON
0x0FCD       [0]    T1CKPS1_bit
0x0FCD       [0]    RD16_bit
0x0FCE       [1]    TMR1L
0x0FCF       [1]    TMR1H
0x0FD0       [0]    NOT_TO_bit
0x0FD0       [0]    TO__bit
0x0FD0       [0]    NOT_PD_bit
0x0FD0       [0]    NOT_RI_bit
0x0FD0       [0]    RI_bit
0x0FD0       [0]    IPEN_bit
0x0FD0       [0]    PD_bit
0x0FD0       [1]    RCON
0x0FD0       [0]    BOR_bit
0x0FD0       [0]    NOT_BOR_bit
0x0FD0       [0]    NOT_POR_bit
0x0FD0       [0]    POR_bit
0x0FD1       [1]    WDTCON
0x0FD1       [0]    SWDTE_bit
0x0FD1       [0]    SWDTEN_bit
0x0FD2       [0]    LVDL3_bit
0x0FD2       [0]    LVDEN_bit
0x0FD2       [0]    LVDL2_bit
0x0FD2       [0]    LVDL0_bit
0x0FD2       [0]    LVDL1_bit
0x0FD2       [1]    LVDCON
0x0FD2       [0]    IRVST_bit
0x0FD3       [1]    OSCCON
0x0FD3       [0]    SCS_bit
0x0FD5       [1]    T0CON
0x0FD5       [0]    T0PS2_bit
0x0FD5       [0]    PSA_bit
0x0FD5       [0]    T0PS0_bit
0x0FD5       [0]    T0PS1_bit
0x0FD5       [0]    T08BIT_bit
0x0FD5       [0]    TMR0ON_bit
0x0FD5       [0]    T0SE_bit
0x0FD5       [0]    T0CS_bit
0x0FD6       [1]    TMR0L
0x0FD7       [1]    TMR0H
0x0FD8       [0]    C_bit
0x0FD8       [0]    N_bit
0x0FD8       [0]    Z_bit
0x0FD8       [0]    DC_bit
0x0FD8       [0]    OV_bit
0x0FD8       [1]    STATUS
0x0FD9       [2]    FSR2PTR
0x0FD9       [2]    FSR2
0x0FD9       [1]    FSR2L
0x0FDA       [1]    FSR2H
0x0FDB       [1]    PLUSW2
0x0FDC       [1]    PREINC2
0x0FDD       [1]    POSTDEC2
0x0FDE       [1]    POSTINC2
0x0FDF       [1]    INDF2
0x0FE0       [1]    BSR
0x0FE1       [2]    FSR1
0x0FE1       [2]    FSR1PTR
0x0FE1       [1]    FSR1L
0x0FE2       [1]    FSR1H
0x0FE3       [1]    PLUSW1
0x0FE4       [1]    PREINC1
0x0FE5       [1]    POSTDEC1
0x0FE6       [1]    POSTINC1
0x0FE7       [1]    INDF1
0x0FE8       [1]    WREG
0x0FE9       [2]    FSR0
0x0FE9       [1]    FSR0L
0x0FE9       [2]    FSR0PTR
0x0FEA       [1]    FSR0H
0x0FEB       [1]    PLUSW0
0x0FEC       [1]    PREINC0
0x0FED       [1]    POSTDEC0
0x0FEE       [1]    POSTINC0
0x0FEF       [1]    INDF0
0x0FF0       [0]    INT1IF_bit
0x0FF0       [0]    INT1IP_bit
0x0FF0       [0]    INT2IP_bit
0x0FF0       [1]    INTCON3
0x0FF0       [0]    INT2IF_bit
0x0FF0       [0]    INT1IE_bit
0x0FF0       [0]    INT2IE_bit
0x0FF1       [1]    INTCON2
0x0FF1       [0]    INTEDG0_bit
0x0FF1       [0]    NOT_RBPU_bit
0x0FF1       [0]    RBPU_bit
0x0FF1       [0]    T0IP_bit
0x0FF1       [0]    RBIP_bit
0x0FF1       [0]    TMR0IP_bit
0x0FF1       [0]    INTEDG1_bit
0x0FF1       [0]    INTEDG2_bit
0x0FF2       [0]    T0IF_bit
0x0FF2       [0]    TMR0IF_bit
0x0FF2       [0]    RBIE_bit
0x0FF2       [0]    RBIF_bit
0x0FF2       [0]    INT0F_bit
0x0FF2       [0]    INT0IF_bit
0x0FF2       [0]    INT0E_bit
0x0FF2       [0]    GIEH_bit
0x0FF2       [0]    PEIE_bit
0x0FF2       [0]    GIE_bit
0x0FF2       [1]    INTCON1
0x0FF2       [1]    INTCON
0x0FF2       [0]    TMR0IE_bit
0x0FF2       [0]    T0IE_bit
0x0FF2       [0]    INT0IE_bit
0x0FF2       [0]    GIEL_bit
0x0FF3       [2]    PROD
0x0FF3       [1]    PRODL
0x0FF4       [1]    PRODH
0x0FF5       [1]    TABLAT
0x0FF6       [1]    TBLPTRL
0x0FF6       [3]    TBLPTR
0x0FF7       [1]    TBLPTRH
0x0FF8       [1]    TBLPTRU
0x0FF8       [0]    TBLPTRU3_bit
0x0FF8       [0]    TBLPTRU2_bit
0x0FF8       [0]    ACSS_bit
0x0FF8       [0]    TBLPTRU4_bit
0x0FF8       [0]    TBLPTRU0_bit
0x0FF8       [0]    TBLPTRU1_bit
0x0FF9       [1]    PCL
0x0FFA       [1]    PCLATH
0x0FFB       [0]    PCU1_bit
0x0FFB       [0]    PCU0_bit
0x0FFB       [1]    PCLATU
0x0FFB       [0]    PCU4_bit
0x0FFB       [0]    PCU3_bit
0x0FFB       [0]    PCU2_bit
0x0FFC       [0]    STKFUL_bit
0x0FFC       [0]    STKUNF_bit
0x0FFC       [1]    STKPTR
0x0FFD       [1]    TOSL
0x0FFE       [1]    TOSH
0x0FFF       [1]    TOSU
//** Label List: ** 
//----------------------------------------------
  L_Susart_Init0
  L_Susart_Init1
  L_Susart_Write2
  L_Susart_Write3
  L_Susart_Read4
  L_Flash_Write_Sector5
  L_Flash_Write_Sector6
  L_Flash_Write_Sector7
  L_Flash_Write_Sector8
  ___Susart_Write_Loop_LBL_BOOT18_32_01
  L_Susart_Write_Loop9
  L_Susart_Write_Loop10
  L_Start_Bootload11
  L_Start_Bootload12
  L_Start_Bootload13
  L_Start_Bootload14
  L_Start_Bootload15
  L_Start_Bootload16
  L_Start_Bootload17
  L_Start_Bootload18
  _Susart_Init
  _Susart_Write
  _Susart_Data_Ready
  _Susart_Read
  _Start_Program
  _Flash_Write_Sector
  _Susart_Write_Loop
  _Write_Begin
  _Start_Bootload
  L_main0
  L_main1
  _main
  L_Delay_10us0
  L_Delay_22us1
  L_Delay_50us2
  L_Delay_80us3
  L_Delay_500us4
  L_Delay_5500us5
  L_Delay_1ms6
  L_Delay_5ms7
  L_Delay_8ms8
  L_Delay_100ms9
  L_Delay_10ms10
  L_Delay_1sec11
  L____Boot_Delay4k12
  L____Boot_Delay8k13
  L____Boot_Delay12k14
  L____Boot_Delay16k15
  L____Boot_Delay24k16
  L____Boot_Delay32k17
  L____Boot_Delay48k18
  L____Boot_Delay64k19
  L____Boot_Delay128k20
  L_Delay_Cyc21
  L_Delay_Cyc22
  L_VDelay_ms23
  L_VDelay_ms24
  L_VDelay_ms25
  L_VDelay_Advanced_ms26
  L_VDelay_Advanced_ms27
  L_VDelay_Advanced_ms28
  _Get_Fosc_kHz
  _Delay_1us
  _Delay_10us
  _Delay_22us
  _Delay_50us
  _Delay_80us
  _Delay_500us
  _Delay_5500us
  _Delay_1ms
  _Delay_5ms
  _Delay_8ms
  _Delay_100ms
  _Delay_10ms
  _Delay_1sec
  ____Boot_Delay4k
  ____Boot_Delay8k
  ____Boot_Delay12k
  ____Boot_Delay16k
  ____Boot_Delay24k
  ____Boot_Delay32k
  ____Boot_Delay48k
  ____Boot_Delay64k
  ____Boot_Delay128k
  _Delay_Cyc
  _VDelay_ms
  L__VDelay_ms29
  L__VDelay_ms30
  L__VDelay_ms31
  _VDelay_Advanced_ms
  L__VDelay_Advanced_ms32
  L__VDelay_Advanced_ms33
  L__VDelay_Advanced_ms34
  _CC2D_Loop1
  _CC2DL_Loop1
  L_longjmp2
  ___CC2D
  ___CC2DW
  _____DoIFC
  _Swap
  _setjmp
  _longjmp
